Dec 30, 2013 12:06:06 PM com.sun.enterprise.admin.launcher.GFLauncherLogger info
INFO: JVM invocation command line:
-XX:+UnlockDiagnosticVMOptions
-XX:PermSize=64m
-XX:MaxPermSize=192m
-XX:NewRatio=2
-Xmx512m
-javaagent:/home/ram/Desktop/ktwiter/target/cargo/installs/glassfish-3.1.2.2/glassfish3/glassfish/lib/monitor/flashlight-agent.jar
-client
-Dosgi.shell.telnet.maxconn=1
-Dfelix.fileinstall.disableConfigSave=false
-Djdbc.drivers=org.apache.derby.jdbc.ClientDriver
-Dfelix.fileinstall.dir=/home/ram/Desktop/ktwiter/target/cargo/installs/glassfish-3.1.2.2/glassfish3/glassfish/modules/autostart/
-Djavax.net.ssl.keyStore=/home/ram/Desktop/ktwiter/target/cargo/configurations/glassfish3x/cargo-domain/config/keystore.jks
-Dosgi.shell.telnet.port=6666
-Djava.security.policy=/home/ram/Desktop/ktwiter/target/cargo/configurations/glassfish3x/cargo-domain/config/server.policy
-Djava.awt.headless=true
-Dfelix.fileinstall.log.level=2
-Dfelix.fileinstall.poll=5000
-Dcom.sun.aas.instanceRoot=/home/ram/Desktop/ktwiter/target/cargo/configurations/glassfish3x/cargo-domain
-Dosgi.shell.telnet.ip=127.0.0.1
-Dcom.sun.enterprise.config.config_environment_factory_class=com.sun.enterprise.config.serverbeans.AppserverConfigEnvironmentFactory
-Djava.endorsed.dirs=/home/ram/Desktop/ktwiter/target/cargo/installs/glassfish-3.1.2.2/glassfish3/glassfish/modules/endorsed:/home/ram/Desktop/ktwiter/target/cargo/installs/glassfish-3.1.2.2/glassfish3/glassfish/lib/endorsed
-Dcom.sun.aas.installRoot=/home/ram/Desktop/ktwiter/target/cargo/installs/glassfish-3.1.2.2/glassfish3/glassfish
-Dfelix.fileinstall.bundles.startTransient=true
-Djava.ext.dirs=/usr/lib/jvm/java-7-oracle/lib/ext:/usr/lib/jvm/java-7-oracle/jre/lib/ext:/home/ram/Desktop/ktwiter/target/cargo/configurations/glassfish3x/cargo-domain/lib/ext
-Dfelix.fileinstall.bundles.new.start=true
-Djavax.net.ssl.trustStore=/home/ram/Desktop/ktwiter/target/cargo/configurations/glassfish3x/cargo-domain/config/cacerts.jks
-Dcom.sun.enterprise.security.httpsOutboundKeyAlias=s1as
-Djava.security.auth.login.config=/home/ram/Desktop/ktwiter/target/cargo/configurations/glassfish3x/cargo-domain/config/login.conf
-DANTLR_USE_DIRECT_CLASS_LOADING=true
-Dgosh.args=--nointeractive
Dec 30, 2013 12:06:06 PM com.sun.enterprise.admin.launcher.GFLauncherLogger info
INFO: Successfully launched in 16 msec.
[#|2013-12-30T12:06:11.550+0100|INFO|glassfish3.1.2|com.sun.enterprise.server.logging.GFFileHandler|_ThreadID=1;_ThreadName=Thread-2;|Running GlassFish Version: GlassFish Server Open Source Edition 3.1.2.2 (build java_re)|#]

[#|2013-12-30T12:06:12.399+0100|INFO|glassfish3.1.2|javax.enterprise.system.core.com.sun.enterprise.v3.services.impl|_ThreadID=19;_ThreadName=Thread-2;|Grizzly Framework 1.9.50 started in: 187ms - bound to [0.0.0.0:9000]|#]

[#|2013-12-30T12:06:12.423+0100|INFO|glassfish3.1.2|javax.enterprise.system.core.com.sun.enterprise.v3.services.impl|_ThreadID=23;_ThreadName=Thread-2;|Grizzly Framework 1.9.50 started in: 67ms - bound to [0.0.0.0:8181]|#]

[#|2013-12-30T12:06:12.456+0100|INFO|glassfish3.1.2|javax.enterprise.system.core.com.sun.enterprise.v3.services.impl|_ThreadID=27;_ThreadName=Thread-2;|Grizzly Framework 1.9.50 started in: 23ms - bound to [0.0.0.0:4848]|#]

[#|2013-12-30T12:06:12.521+0100|INFO|glassfish3.1.2|javax.enterprise.system.core.com.sun.enterprise.v3.services.impl|_ThreadID=30;_ThreadName=Thread-2;|Grizzly Framework 1.9.50 started in: 57ms - bound to [0.0.0.0:3700]|#]

[#|2013-12-30T12:06:12.548+0100|INFO|glassfish3.1.2|javax.enterprise.system.core.com.sun.enterprise.v3.services.impl|_ThreadID=34;_ThreadName=Thread-2;|Grizzly Framework 1.9.50 started in: 35ms - bound to [0.0.0.0:7676]|#]

[#|2013-12-30T12:06:13.677+0100|INFO|glassfish3.1.2|org.glassfish.ha.store.spi.BackingStoreFactoryRegistry|_ThreadID=1;_ThreadName=Thread-2;|Registered org.glassfish.ha.store.adapter.cache.ShoalBackingStoreProxy for persistence-type = replicated in BackingStoreFactoryRegistry|#]

[#|2013-12-30T12:06:14.001+0100|INFO|glassfish3.1.2|javax.enterprise.system.core.com.sun.enterprise.v3.server|_ThreadID=1;_ThreadName=Thread-2;|GlassFish Server Open Source Edition 3.1.2.2 (java_re) startup time : Felix (4,348ms), startup services(3,234ms), total(7,582ms)|#]

[#|2013-12-30T12:06:15.606+0100|INFO|glassfish3.1.2|javax.enterprise.system.jmx.org.glassfish.admin.mbeanserver|_ThreadID=40;_ThreadName=Thread-2;|JMX005: JMXStartupService had Started JMXConnector on JMXService URL service:jmx:rmi://ram-VPCS115FW:8686/jndi/rmi://ram-VPCS115FW:8686/jmxrmi|#]

[#|2013-12-30T12:06:15.665+0100|INFO|glassfish3.1.2|org.hibernate.validator.internal.util.Version|_ThreadID=44;_ThreadName=Thread-2;|HV000001: Hibernate Validator 4.3.0.Final|#]

[#|2013-12-30T12:06:24.638+0100|INFO|glassfish3.1.2|javax.enterprise.system.core.security.com.sun.enterprise.security|_ThreadID=63;_ThreadName=Thread-2;|SEC1002: Security Manager is OFF.|#]

[#|2013-12-30T12:06:24.843+0100|SEVERE|glassfish3.1.2|javax.enterprise.system.ssl.security.com.sun.enterprise.security.ssl.impl|_ThreadID=63;_ThreadName=Thread-2;|SEC5054: Certificate has expired: [
[
  Version: V3
  Subject: CN=GTE CyberTrust Root 5, OU="GTE CyberTrust Solutions, Inc.", O=GTE Corporation, C=US
  Signature Algorithm: SHA1withRSA, OID = 1.2.840.113549.1.1.5

  Key:  Sun RSA public key, 2048 bits
  modulus: 23741889829347261660812437366387754385443431973861114865490414153884050331745811968523116847625570146592736935209718565296053386842135985534863157983128812774162998053673746470782252407673402238146869994438729551246768368782318393878374421033907597162218758024581735139682087126982809511479059100617027892880227587855877479432885604404402435662802390484099065871430585284534529627347717530352189612077130606642676951640071336717026459037542552927905851171460589361570392199748753414855675665635003335769915908187224347232807336022456537328962095005323382940080676931822787496212635993279098588863972868266229522169377
  public exponent: 65537
  Validity: [From: Fri Aug 14 16:50:00 CEST 1998,
               To: Thu Aug 15 01:59:00 CEST 2013]
  Issuer: CN=GTE CyberTrust Root 5, OU="GTE CyberTrust Solutions, Inc.", O=GTE Corporation, C=US
  SerialNumber: [    01b6]

Certificate Extensions: 4
[1]: ObjectId: 2.5.29.19 Criticality=true
BasicConstraints:[
  CA:true
  PathLen:5
]

[2]: ObjectId: 2.5.29.32 Criticality=false
CertificatePolicies [
  [CertificatePolicyId: [1.2.840.113763.1.2.1.3]
[]  ]
]

[3]: ObjectId: 2.5.29.15 Criticality=true
KeyUsage [
  Key_CertSign
  Crl_Sign
]

[4]: ObjectId: 2.5.29.14 Criticality=false
SubjectKeyIdentifier [
KeyIdentifier [
0000: 76 0A 49 21 38 4C 9F DE   F8 C4 49 C7 71 71 91 9D  v.I!8L....I.qq..
]
]

]
  Algorithm: [SHA1withRSA]
  Signature:
0000: 41 3A D4 18 5B DA B8 DE   21 1C E1 8E 09 E5 F1 68  A:..[...!......h
0010: 34 FF DE 96 F4 07 F5 A7   3C F3 AC 4A B1 9B FA 92  4.......<..J....
0020: FA 9B ED E6 32 21 AA 4A   76 C5 DC 4F 38 E5 DF D5  ....2!.Jv..O8...
0030: 86 E4 D5 C8 76 7D 98 D7   B1 CD 8F 4D B5 91 23 6C  ....v......M..#l
0040: 8B 8A EB EA 7C EF 14 94   C4 C6 F0 1F 4A 2D 32 71  ............J-2q
0050: 63 2B 63 91 26 02 09 B6   80 1D ED E2 CC B8 7F DB  c+c.&...........
0060: 87 63 C8 E1 D0 6C 26 B1   35 1D 40 66 10 1B CD 95  .c...l&.5.@f....
0070: 54 18 33 61 EC 13 4F DA   13 F7 99 AF 3E D0 CF 8E  T.3a..O.....>...
0080: A6 72 A2 B3 C3 05 9A C9   27 7D 92 CC 7E 52 8D B3  .r......'....R..
0090: AB 70 6D 9E 89 9F 4D EB   1A 75 C2 98 AA D5 02 16  .pm...M..u......
00A0: D7 0C 8A BF 25 E4 EB 2D   BC 98 E9 58 38 19 7C B9  ....%..-...X8...
00B0: 37 FE DB E2 99 08 73 06   C7 97 83 6A 7D 10 01 2F  7.....s....j.../
00C0: 32 B9 17 05 4A 65 E6 2F   CE BE 5E 53 A6 82 E9 9A  2...Je./..^S....
00D0: 53 0A 84 74 2D 83 CA C8   94 16 76 5F 94 61 28 F0  S..t-.....v_.a(.
00E0: 85 A7 39 BB D7 8B D9 A8   B2 13 1D 54 09 34 24 7D  ..9........T.4$.
00F0: 20 81 7D 66 7E A2 90 74   5C 10 C6 BD EC AB 1B C2   ..f...t\.......

]|#]

[#|2013-12-30T12:06:24.899+0100|INFO|glassfish3.1.2|javax.enterprise.system.core.security.com.sun.enterprise.security|_ThreadID=63;_ThreadName=Thread-2;|SEC1010: Entering Security Startup Service|#]

[#|2013-12-30T12:06:24.907+0100|INFO|glassfish3.1.2|javax.enterprise.system.core.security.com.sun.enterprise.security|_ThreadID=63;_ThreadName=Thread-2;|SEC1143: Loading policy provider com.sun.enterprise.security.provider.PolicyWrapper.|#]

[#|2013-12-30T12:06:24.975+0100|INFO|glassfish3.1.2|javax.enterprise.system.core.security.com.sun.enterprise.security.auth.realm|_ThreadID=63;_ThreadName=Thread-2;|SEC1115: Realm [admin-realm] of classtype [com.sun.enterprise.security.auth.realm.file.FileRealm] successfully created.|#]

[#|2013-12-30T12:06:24.979+0100|INFO|glassfish3.1.2|javax.enterprise.system.core.security.com.sun.enterprise.security.auth.realm|_ThreadID=63;_ThreadName=Thread-2;|SEC1115: Realm [file] of classtype [com.sun.enterprise.security.auth.realm.file.FileRealm] successfully created.|#]

[#|2013-12-30T12:06:24.990+0100|INFO|glassfish3.1.2|javax.enterprise.system.core.security.com.sun.enterprise.security.auth.realm|_ThreadID=63;_ThreadName=Thread-2;|SEC1115: Realm [certificate] of classtype [com.sun.enterprise.security.auth.realm.certificate.CertificateRealm] successfully created.|#]

[#|2013-12-30T12:06:25.005+0100|INFO|glassfish3.1.2|javax.enterprise.system.core.security.com.sun.enterprise.security|_ThreadID=63;_ThreadName=Thread-2;|SEC1011: Security Service(s) Started Successfully|#]

[#|2013-12-30T12:06:25.295+0100|INFO|glassfish3.1.2|javax.enterprise.system.container.web.com.sun.enterprise.web|_ThreadID=63;_ThreadName=Thread-2;|WEB0169: Created HTTP listener [http-listener-1] on host/port [0.0.0.0:9000]|#]

[#|2013-12-30T12:06:25.319+0100|INFO|glassfish3.1.2|javax.enterprise.system.container.web.com.sun.enterprise.web|_ThreadID=63;_ThreadName=Thread-2;|WEB0169: Created HTTP listener [http-listener-2] on host/port [0.0.0.0:8181]|#]

[#|2013-12-30T12:06:25.331+0100|INFO|glassfish3.1.2|javax.enterprise.system.container.web.com.sun.enterprise.web|_ThreadID=63;_ThreadName=Thread-2;|WEB0169: Created HTTP listener [admin-listener] on host/port [0.0.0.0:4848]|#]

[#|2013-12-30T12:06:25.388+0100|INFO|glassfish3.1.2|javax.enterprise.system.container.web.com.sun.enterprise.web|_ThreadID=63;_ThreadName=Thread-2;|WEB0171: Created virtual server [server]|#]

[#|2013-12-30T12:06:25.396+0100|INFO|glassfish3.1.2|javax.enterprise.system.container.web.com.sun.enterprise.web|_ThreadID=63;_ThreadName=Thread-2;|WEB0171: Created virtual server [__asadmin]|#]

[#|2013-12-30T12:06:25.664+0100|INFO|glassfish3.1.2|javax.enterprise.system.container.web.com.sun.enterprise.web|_ThreadID=63;_ThreadName=Thread-2;|WEB0172: Virtual server [server] loaded default web module []|#]

[#|2013-12-30T12:06:27.822+0100|INFO|glassfish3.1.2|com.sun.jersey.api.core.PackagesResourceConfig|_ThreadID=63;_ThreadName=Thread-2;|Scanning for root resource and provider classes in the packages:
  ktwtr.rest|#]

[#|2013-12-30T12:06:27.868+0100|INFO|glassfish3.1.2|com.sun.jersey.api.core.ScanningResourceConfig|_ThreadID=63;_ThreadName=Thread-2;|Root resource classes found:
  class ktwtr.rest.Rest|#]

[#|2013-12-30T12:06:27.869+0100|INFO|glassfish3.1.2|com.sun.jersey.api.core.ScanningResourceConfig|_ThreadID=63;_ThreadName=Thread-2;|No provider classes found.|#]

[#|2013-12-30T12:06:28.161+0100|INFO|glassfish3.1.2|com.sun.jersey.server.impl.application.WebApplicationImpl|_ThreadID=63;_ThreadName=Thread-2;|Initiating Jersey application, version 'Jersey: 1.11.1 03/31/2012 06:49 PM'|#]

[#|2013-12-30T12:06:30.418+0100|INFO|glassfish3.1.2|javax.enterprise.system.container.web.com.sun.enterprise.web|_ThreadID=63;_ThreadName=Thread-2;|WEB0671: Loading application [ktwiter-1.0-SNAPSHOT] at [/ktwiter]|#]

[#|2013-12-30T12:06:30.562+0100|INFO|glassfish3.1.2|javax.enterprise.system.tools.admin.org.glassfish.deployment.admin|_ThreadID=63;_ThreadName=Thread-2;|ktwiter-1.0-SNAPSHOT was successfully deployed in 11,488 milliseconds.|#]

[#|2013-12-30T12:06:31.948+0100|INFO|glassfish3.1.2|javax.enterprise.system.container.web.com.sun.enterprise.web|_ThreadID=44;_ThreadName=Thread-2;|WEB0671: Loading application [cargocpc] at [/cargocpc]|#]

[#|2013-12-30T12:06:31.975+0100|INFO|glassfish3.1.2|javax.enterprise.system.tools.admin.org.glassfish.deployment.admin|_ThreadID=44;_ThreadName=Thread-2;|cargocpc was successfully deployed in 198 milliseconds.|#]

[#|2013-12-30T12:06:55.344+0100|SEVERE|glassfish3.1.2|com.avaje.ebeaninternal.server.core.XmlConfigLoader|_ThreadID=91;_ThreadName=Thread-2;|Not a Jar or Directory? /home/ram/Desktop/ktwiter/target/cargo/configurations/glassfish3x/cargo-domain/generated/ktwiter-1.0-SNAPSHOT|#]

[#|2013-12-30T12:06:55.347+0100|SEVERE|glassfish3.1.2|com.avaje.ebeaninternal.server.core.XmlConfigLoader|_ThreadID=91;_ThreadName=Thread-2;|Not a Jar or Directory? /home/ram/Desktop/ktwiter/target/cargo/configurations/glassfish3x/cargo-domain/generated/ktwiter-1.0-SNAPSHOT|#]

[#|2013-12-30T12:06:55.495+0100|SEVERE|glassfish3.1.2|com.avaje.ebeaninternal.server.util.ClassPathSearch|_ThreadID=91;_ThreadName=Thread-2;|Error: expected classPath entry [/home/ram/Desktop/ktwiter/target/cargo/configurations/glassfish3x/cargo-domain/generated/ktwiter-1.0-SNAPSHOT] to be a directory or a .jar file but it is not either of those?|#]

[#|2013-12-30T12:06:55.496+0100|INFO|glassfish3.1.2|com.avaje.ebeaninternal.server.core.BootupClassPathSearch|_ThreadID=91;_ThreadName=Thread-2;|Classpath search hits in jars[ebean-2.8.1.jar] pkgs[com.avaje.ebeaninternal.server.bean, com.avaje.ebean.meta, ktwtr.models]  searchTime[84]|#]

[#|2013-12-30T12:06:55.537+0100|INFO|glassfish3.1.2|com.avaje.ebeaninternal.server.lib.sql.DataSourcePool|_ThreadID=91;_ThreadName=Thread-2;|DataSourcePool [h2] autoCommit[false] transIsolation[READ_COMMITTED] min[0] max[20]|#]

[#|2013-12-30T12:06:56.471+0100|INFO|glassfish3.1.2|com.avaje.ebeaninternal.server.lib.sql.PooledConnectionQueue|_ThreadID=91;_ThreadName=Thread-2;|DataSourcePool [h2] grow; id[h2.0] busy[1] max[20]|#]

[#|2013-12-30T12:06:56.520+0100|INFO|glassfish3.1.2|com.avaje.ebeaninternal.server.core.DefaultServerFactory|_ThreadID=91;_ThreadName=Thread-2;|DatabasePlatform name:h2 platform:h2|#]

[#|2013-12-30T12:06:56.586+0100|INFO|glassfish3.1.2|com.avaje.ebeaninternal.server.subclass.SubClassManager|_ThreadID=91;_ThreadName=Thread-2;|SubClassFactory parent ClassLoader [org.glassfish.web.loader.WebappClassLoader]|#]

[#|2013-12-30T12:06:57.129+0100|SEVERE|glassfish3.1.2|com.avaje.ebeaninternal.server.deploy.meta.DeployBeanDescriptor|_ThreadID=91;_ThreadName=Thread-2;|Bean property ktwtr.models.Comment.likeComment has  missing writeMethod . Should it be transient?|#]

[#|2013-12-30T12:06:57.252+0100|INFO|glassfish3.1.2|com.avaje.ebeaninternal.server.deploy.BeanDescriptorManager|_ThreadID=91;_ThreadName=Thread-2;|Entities enhanced[0] subclassed[4]|#]

[#|2013-12-30T12:06:57.487+0100|INFO|glassfish3.1.2|javax.enterprise.system.std.com.sun.enterprise.server.logging|_ThreadID=91;_ThreadName=Thread-2;|runScript|#]

[#|2013-12-30T12:06:57.488+0100|INFO|glassfish3.1.2|javax.enterprise.system.std.com.sun.enterprise.server.logging|_ThreadID=91;_ThreadName=Thread-2;|executing 1 of 10 SET REFERENTIAL_INTEGRITY FALSE|#]

[#|2013-12-30T12:06:57.490+0100|INFO|glassfish3.1.2|javax.enterprise.system.std.com.sun.enterprise.server.logging|_ThreadID=91;_ThreadName=Thread-2;|executing 2 of 10 drop table if exists Comment|#]

[#|2013-12-30T12:06:57.491+0100|INFO|glassfish3.1.2|javax.enterprise.system.std.com.sun.enterprise.server.logging|_ThreadID=91;_ThreadName=Thread-2;|executing 3 of 10 drop table if exists Member|#]

[#|2013-12-30T12:06:57.492+0100|INFO|glassfish3.1.2|javax.enterprise.system.std.com.sun.enterprise.server.logging|_ThreadID=91;_ThreadName=Thread-2;|executing 4 of 10 drop table if exists Post|#]

[#|2013-12-30T12:06:57.492+0100|INFO|glassfish3.1.2|javax.enterprise.system.std.com.sun.enterprise.server.logging|_ThreadID=91;_ThreadName=Thread-2;|executing 5 of 10 drop table if exists Profile|#]

[#|2013-12-30T12:06:57.493+0100|INFO|glassfish3.1.2|javax.enterprise.system.std.com.sun.enterprise.server.logging|_ThreadID=91;_ThreadName=Thread-2;|executing 6 of 10 SET REFERENTIAL_INTEGRITY TRUE|#]

[#|2013-12-30T12:06:57.493+0100|INFO|glassfish3.1.2|javax.enterprise.system.std.com.sun.enterprise.server.logging|_ThreadID=91;_ThreadName=Thread-2;|executing 7 of 10 drop sequence if exists Comment_seq|#]

[#|2013-12-30T12:06:57.494+0100|INFO|glassfish3.1.2|javax.enterprise.system.std.com.sun.enterprise.server.logging|_ThreadID=91;_ThreadName=Thread-2;|executing 8 of 10 drop sequence if exists Member_seq|#]

[#|2013-12-30T12:06:57.494+0100|INFO|glassfish3.1.2|javax.enterprise.system.std.com.sun.enterprise.server.logging|_ThreadID=91;_ThreadName=Thread-2;|executing 9 of 10 drop sequence if exists Post_seq|#]

[#|2013-12-30T12:06:57.495+0100|INFO|glassfish3.1.2|javax.enterprise.system.std.com.sun.enterprise.server.logging|_ThreadID=91;_ThreadName=Thread-2;|executing 10 of 10 drop sequence if exists Profile_seq|#]

[#|2013-12-30T12:06:57.495+0100|INFO|glassfish3.1.2|javax.enterprise.system.std.com.sun.enterprise.server.logging|_ThreadID=91;_ThreadName=Thread-2;|... end of script|#]

[#|2013-12-30T12:06:57.503+0100|INFO|glassfish3.1.2|javax.enterprise.system.std.com.sun.enterprise.server.logging|_ThreadID=91;_ThreadName=Thread-2;|runScript|#]

[#|2013-12-30T12:06:57.504+0100|INFO|glassfish3.1.2|javax.enterprise.system.std.com.sun.enterprise.server.logging|_ThreadID=91;_ThreadName=Thread-2;|executing 1 of 16 create table Comment ( id                        bigint not null, like_comment...|#]

[#|2013-12-30T12:06:57.506+0100|INFO|glassfish3.1.2|javax.enterprise.system.std.com.sun.enterprise.server.logging|_ThreadID=91;_ThreadName=Thread-2;|executing 2 of 16 create table Member ( id                        bigint not null, login...|#]

[#|2013-12-30T12:06:57.508+0100|INFO|glassfish3.1.2|javax.enterprise.system.std.com.sun.enterprise.server.logging|_ThreadID=91;_ThreadName=Thread-2;|executing 3 of 16 create table Post ( id                        bigint not null, like_post...|#]

[#|2013-12-30T12:06:57.510+0100|INFO|glassfish3.1.2|javax.enterprise.system.std.com.sun.enterprise.server.logging|_ThreadID=91;_ThreadName=Thread-2;|executing 4 of 16 create table Profile ( id                        bigint not null, nom...|#]

[#|2013-12-30T12:06:57.512+0100|INFO|glassfish3.1.2|javax.enterprise.system.std.com.sun.enterprise.server.logging|_ThreadID=91;_ThreadName=Thread-2;|executing 5 of 16 create sequence Comment_seq|#]

[#|2013-12-30T12:06:57.515+0100|INFO|glassfish3.1.2|javax.enterprise.system.std.com.sun.enterprise.server.logging|_ThreadID=91;_ThreadName=Thread-2;|executing 6 of 16 create sequence Member_seq|#]

[#|2013-12-30T12:06:57.516+0100|INFO|glassfish3.1.2|javax.enterprise.system.std.com.sun.enterprise.server.logging|_ThreadID=91;_ThreadName=Thread-2;|executing 7 of 16 create sequence Post_seq|#]

[#|2013-12-30T12:06:57.516+0100|INFO|glassfish3.1.2|javax.enterprise.system.std.com.sun.enterprise.server.logging|_ThreadID=91;_ThreadName=Thread-2;|executing 8 of 16 create sequence Profile_seq|#]

[#|2013-12-30T12:06:57.517+0100|INFO|glassfish3.1.2|javax.enterprise.system.std.com.sun.enterprise.server.logging|_ThreadID=91;_ThreadName=Thread-2;|executing 9 of 16 alter table Comment add constraint fk_Comment_post_1 foreign key (post_id) refer...|#]

[#|2013-12-30T12:06:57.537+0100|INFO|glassfish3.1.2|javax.enterprise.system.std.com.sun.enterprise.server.logging|_ThreadID=91;_ThreadName=Thread-2;|executing 10 of 16 create index ix_Comment_post_1 on Comment (post_id)|#]

[#|2013-12-30T12:06:57.538+0100|INFO|glassfish3.1.2|javax.enterprise.system.std.com.sun.enterprise.server.logging|_ThreadID=91;_ThreadName=Thread-2;|executing 11 of 16 alter table Comment add constraint fk_Comment_autor_2 foreign key (autor_id) ref...|#]

[#|2013-12-30T12:06:57.543+0100|INFO|glassfish3.1.2|javax.enterprise.system.std.com.sun.enterprise.server.logging|_ThreadID=91;_ThreadName=Thread-2;|executing 12 of 16 create index ix_Comment_autor_2 on Comment (autor_id)|#]

[#|2013-12-30T12:06:57.543+0100|INFO|glassfish3.1.2|javax.enterprise.system.std.com.sun.enterprise.server.logging|_ThreadID=91;_ThreadName=Thread-2;|executing 13 of 16 alter table Post add constraint fk_Post_autor_3 foreign key (autor_id) reference...|#]

[#|2013-12-30T12:06:57.547+0100|INFO|glassfish3.1.2|javax.enterprise.system.std.com.sun.enterprise.server.logging|_ThreadID=91;_ThreadName=Thread-2;|executing 14 of 16 create index ix_Post_autor_3 on Post (autor_id)|#]

[#|2013-12-30T12:06:57.548+0100|INFO|glassfish3.1.2|javax.enterprise.system.std.com.sun.enterprise.server.logging|_ThreadID=91;_ThreadName=Thread-2;|executing 15 of 16 alter table Profile add constraint fk_Profile_member_4 foreign key (member_id) r...|#]

[#|2013-12-30T12:06:57.552+0100|INFO|glassfish3.1.2|javax.enterprise.system.std.com.sun.enterprise.server.logging|_ThreadID=91;_ThreadName=Thread-2;|executing 16 of 16 create index ix_Profile_member_4 on Profile (member_id)|#]

[#|2013-12-30T12:06:57.554+0100|INFO|glassfish3.1.2|javax.enterprise.system.std.com.sun.enterprise.server.logging|_ThreadID=91;_ThreadName=Thread-2;|... end of script|#]

[#|2013-12-30T12:06:57.605+0100|INFO|glassfish3.1.2|com.avaje.ebeaninternal.server.transaction.log.FileTransactionLoggerWrapper|_ThreadID=91;_ThreadName=Thread-2;|Transaction logs in: logs|#]

